
Unigraphics NX2312.8301 / 2D Exchange

Reading part: C:\Users\natha\Desktop\NX Working Folder\Linear Actuator Piston\Parts_Spread_dwg1.prt


Writing part: C:\Users\natha\AppData\Local\Temp\nath5D0091BDwacg.prt

Elapsed time   :    0 minutes,  1 seconds
Actual CPU Time:    0 minutes,  1 seconds

INFO-
INFO-		Unigraphics Version NX2312.8301 to AutoCAD 2004
INFO-		
INFO-
INFO-		Running UGTODXF Translator .....
INFO-
INFO-		Start of Translation: Sat Mar 29 18:37:17 2025
INFO-
STATUS-		Converting C:\Users\natha\AppData\Local\Temp\nath5D0091BDwacg.prt
STATUS-
SUMMARY-
SUMMARY-	Summary of Unigraphics Input Entities
SUMMARY-	For Unigraphics File: C:\Users\natha\AppData\Local\Temp\nath5D0091BDwacg.prt
SUMMARY-	------------------------------------------------------------------
SUMMARY-	Entity Type					Count
SUMMARY-	------------------------------------------------------------------
SUMMARY-	Line .....................................:	236
SUMMARY-	Arc ......................................:	52
SUMMARY-	Circle ...................................:	26
SUMMARY-	Spline ...................................:	4
SUMMARY-	------------------------------------------------------------------
SUMMARY-	Total ....................................:	318
SUMMARY-	------------------------------------------------------------------
SUMMARY-
STATUS-
INFO-
INFO-		Writing File: C:\Users\natha\Desktop\NX Working Folder\Linear Actuator Piston\Parts_Spread_dwg1.dxf
SUMMARY-	Summary of AutoCAD Output Entities
SUMMARY-	------------------------------------------------------------------
SUMMARY-	Entity Type					Count
SUMMARY-	------------------------------------------------------------------
SUMMARY-	Arc ......................................:	52
SUMMARY-	Circle ...................................:	26
SUMMARY-	Spline ...................................:	4
SUMMARY-	Line .....................................:	288
SUMMARY-	Layout ...................................:	6
SUMMARY-	------------------------------------------------------------------
SUMMARY-	Total ....................................:	376
SUMMARY-	------------------------------------------------------------------
SUMMARY-
INFO-
INFO-		End of Translation: Sat Mar 29 18:37:18 2025
INFO-		Translation CPU time: 0 m, 0 sINFO-
